# JRE version: OpenJDK Runtime Environment (11.0.12+7) (build 11.0.12+7-b1504.28-7817840)
# Java VM: OpenJDK 64-Bit Server VM (11.0.12+7-b1504.28-7817840, mixed mode, tiered, compressed oops, g1 gc, windows-amd64)
Heap:
 garbage-first heap   total 599040K, used 239202K [0x0000000080000000, 0x0000000100000000)
  region size 1024K, 2 young (2048K), 2 survivors (2048K)
 Metaspace       used 126226K, capacity 129609K, committed 129740K, reserved 1161216K
  class space    used 16049K, capacity 17312K, committed 17356K, reserved 1048576K
GC Heap History (20 events):
Event: 48.409 GC heap after
{Heap after GC invocations=35 (full 0):
 garbage-first heap   total 262144K, used 136070K [0x0000000080000000, 0x0000000100000000)
  region size 1024K, 2 young (2048K), 2 survivors (2048K)
 Metaspace       used 116760K, capacity 119694K, committed 120012K, reserved 1153024K
  class space    used 14629K, capacity 15754K, committed 15820K, reserved 1048576K
}
Event: 48.566 GC heap before
{Heap before GC invocations=35 (full 0):
 garbage-first heap   total 262144K, used 167814K [0x0000000080000000, 0x0000000100000000)
  region size 1024K, 35 young (35840K), 2 survivors (2048K)
 Metaspace       used 117618K, capacity 120710K, committed 120908K, reserved 1155072K
  class space    used 14736K, capacity 15894K, committed 15948K, reserved 1048576K
}
Event: 48.571 GC heap after
{Heap after GC invocations=36 (full 0):
 garbage-first heap   total 262144K, used 138017K [0x0000000080000000, 0x0000000100000000)
  region size 1024K, 4 young (4096K), 4 survivors (4096K)
 Metaspace       used 117618K, capacity 120710K, committed 120908K, reserved 1155072K
  class space    used 14736K, capacity 15894K, committed 15948K, reserved 1048576K
}
Event: 48.896 GC heap before
{Heap before GC invocations=37 (full 0):
 garbage-first heap   total 262144K, used 213793K [0x0000000080000000, 0x0000000100000000)
  region size 1024K, 68 young (69632K), 4 survivors (4096K)
 Metaspace       used 120036K, capacity 123106K, committed 123212K, reserved 1157120K
  class space    used 15027K, capacity 16182K, committed 16204K, reserved 1048576K
}
Event: 48.903 GC heap after
{Heap after GC invocations=38 (full 0):
 garbage-first heap   total 262144K, used 158497K [0x0000000080000000, 0x0000000100000000)
  region size 1024K, 9 young (9216K), 9 survivors (9216K)
 Metaspace       used 120036K, capacity 123106K, committed 123212K, reserved 1157120K
  class space    used 15027K, capacity 16182K, committed 16204K, reserved 1048576K
}
Event: 48.977 GC heap before
{Heap before GC invocations=38 (full 0):
 garbage-first heap   total 262144K, used 167713K [0x0000000080000000, 0x0000000100000000)
  region size 1024K, 20 young (20480K), 9 survivors (9216K)
 Metaspace       used 120881K, capacity 123992K, committed 124108K, reserved 1157120K
  class space    used 15151K, capacity 16310K, committed 16332K, reserved 1048576K
}
Event: 48.984 GC heap after
{Heap after GC invocations=39 (full 0):
 garbage-first heap   total 262144K, used 161078K [0x0000000080000000, 0x0000000100000000)
  region size 1024K, 3 young (3072K), 3 survivors (3072K)
 Metaspace       used 120881K, capacity 123992K, committed 124108K, reserved 1157120K
  class space    used 15151K, capacity 16310K, committed 16332K, reserved 1048576K
}
Event: 49.091 GC heap before
{Heap before GC invocations=39 (full 0):
 garbage-first heap   total 262144K, used 225590K [0x0000000080000000, 0x0000000100000000)
  region size 1024K, 39 young (39936K), 3 survivors (3072K)
 Metaspace       used 121667K, capacity 124812K, committed 125132K, reserved 1157120K
  class space    used 15265K, capacity 16457K, committed 16588K, reserved 1048576K
}
Event: 49.096 GC heap after
{Heap after GC invocations=40 (full 0):
 garbage-first heap   total 262144K, used 177948K [0x0000000080000000, 0x0000000100000000)
  region size 1024K, 5 young (5120K), 5 survivors (5120K)
 Metaspace       used 121667K, capacity 124812K, committed 125132K, reserved 1157120K
  class space    used 15265K, capacity 16457K, committed 16588K, reserved 1048576K
}
Event: 49.230 GC heap before
{Heap before GC invocations=41 (full 0):
 garbage-first heap   total 262144K, used 210716K [0x0000000080000000, 0x0000000100000000)
  region size 1024K, 36 young (36864K), 5 survivors (5120K)
 Metaspace       used 121861K, capacity 125033K, committed 125388K, reserved 1159168K
  class space    used 15294K, capacity 16480K, committed 16588K, reserved 1048576K
}
Event: 49.239 GC heap after
{Heap after GC invocations=42 (full 0):
 garbage-first heap   total 262144K, used 186139K [0x0000000080000000, 0x0000000100000000)
  region size 1024K, 5 young (5120K), 5 survivors (5120K)
 Metaspace       used 121861K, capacity 125033K, committed 125388K, reserved 1159168K
  class space    used 15294K, capacity 16480K, committed 16588K, reserved 1048576K
}
Event: 49.276 GC heap before
{Heap before GC invocations=42 (full 0):
 garbage-first heap   total 262144K, used 194331K [0x0000000080000000, 0x0000000100000000)
  region size 1024K, 12 young (12288K), 5 survivors (5120K)
 Metaspace       used 121864K, capacity 125033K, committed 125388K, reserved 1159168K
  class space    used 15294K, capacity 16480K, committed 16588K, reserved 1048576K
}
Event: 49.285 GC heap after
{Heap after GC invocations=43 (full 0):
 garbage-first heap   total 315392K, used 189530K [0x0000000080000000, 0x0000000100000000)
  region size 1024K, 2 young (2048K), 2 survivors (2048K)
 Metaspace       used 121864K, capacity 125033K, committed 125388K, reserved 1159168K
  class space    used 15294K, capacity 16480K, committed 16588K, reserved 1048576K
}
Event: 49.524 GC heap before
{Heap before GC invocations=43 (full 0):
 garbage-first heap   total 315392K, used 233562K [0x0000000080000000, 0x0000000100000000)
  region size 1024K, 45 young (46080K), 2 survivors (2048K)
 Metaspace       used 124269K, capacity 127565K, committed 127692K, reserved 1159168K
  class space    used 15789K, capacity 17042K, committed 17100K, reserved 1048576K
}
Event: 49.542 GC heap after
{Heap after GC invocations=44 (full 0):
 garbage-first heap   total 315392K, used 208542K [0x0000000080000000, 0x0000000100000000)
  region size 1024K, 6 young (6144K), 6 survivors (6144K)
 Metaspace       used 124269K, capacity 127565K, committed 127692K, reserved 1159168K
  class space    used 15789K, capacity 17042K, committed 17100K, reserved 1048576K
}
Event: 49.647 GC heap before
{Heap before GC invocations=44 (full 0):
 garbage-first heap   total 315392K, used 245406K [0x0000000080000000, 0x0000000100000000)
  region size 1024K, 42 young (43008K), 6 survivors (6144K)
 Metaspace       used 124326K, capacity 127696K, committed 127948K, reserved 1161216K
  class space    used 15790K, capacity 17042K, committed 17100K, reserved 1048576K
}
Event: 49.670 GC heap after
{Heap after GC invocations=45 (full 0):
 garbage-first heap   total 315392K, used 228220K [0x0000000080000000, 0x0000000100000000)
  region size 1024K, 6 young (6144K), 6 survivors (6144K)
 Metaspace       used 124326K, capacity 127696K, committed 127948K, reserved 1161216K
  class space    used 15790K, capacity 17042K, committed 17100K, reserved 1048576K
}
Event: 49.783 GC heap before
{Heap before GC invocations=46 (full 0):
 garbage-first heap   total 315392K, used 254844K [0x0000000080000000, 0x0000000100000000)
  region size 1024K, 32 young (32768K), 6 survivors (6144K)
 Metaspace       used 124296K, capacity 127644K, committed 127948K, reserved 1161216K
  class space    used 15778K, capacity 17024K, committed 17100K, reserved 1048576K
}
Event: 49.798 GC heap after
{Heap after GC invocations=47 (full 0):
 garbage-first heap   total 315392K, used 242688K [0x0000000080000000, 0x0000000100000000)
  region size 1024K, 4 young (4096K), 4 survivors (4096K)
 Metaspace       used 124296K, capacity 127644K, committed 127948K, reserved 1161216K
  class space    used 15778K, capacity 17024K, committed 17100K, reserved 1048576K
}
Event: 49.953 GC heap before
{Heap before GC invocations=47 (full 0):
 garbage-first heap   total 315392K, used 252928K [0x0000000080000000, 0x0000000100000000)
  region size 1024K, 15 young (15360K), 4 survivors (4096K)
 Metaspace       used 126226K, capacity 129609K, committed 129740K, reserved 1161216K
  class space    used 16049K, capacity 17312K, committed 17356K, reserved 1048576K
}

